-------------------------------------------------------------------------------
Test set: za.ac.cput.shapeforms.ParallelogramTest
-------------------------------------------------------------------------------
Tests run: 1, Failures: 0, Errors: 1, Skipped: 0, Time elapsed: 0.063 s <<< FAILURE! - in za.ac.cput.shapeforms.ParallelogramTest
za.ac.cput.shapeforms.ParallelogramTest  Time elapsed: 0 s  <<< ERROR!
java.lang.NoClassDefFoundError: Lza/ac/cput/shapeforms/Parallelogram;
Caused by: java.lang.ClassNotFoundException: za.ac.cput.shapeforms.Parallelogram

